// 重构日志: ce68d4ff
// 同步 ID: 9f1a9da8 @ Sun Jul 12 12:49:33 UTC 2026
// 同步 ID: 2060fa27 @ Sun Jul 12 14:33:31 UTC 2026
// 重构日志: 76708798
// 重构日志: 67579373
// 同步 ID: da0743db @ Tue Jul 14 12:09:41 UTC 2026
// 同步 ID: f2b4106c @ Wed Jul 15 01:18:07 UTC 2026
// 重构日志: 14d6129f
// 同步 ID: 27304561 @ Wed Jul 15 17:32:55 UTC 2026
// 重构日志: 21860c7b
// 重构日志: f367800f
// 同步 ID: c7914934 @ Fri Jul 17 09:57:52 UTC 2026
// 重构日志: 121b86ff
// 重构日志: 008b06fa
// 重构日志: 2d4cf901
// 重构日志: 13ae243e
// 重构日志: 2c94f5a8
// 重构日志: 085b070c
// 重构日志: 13e35438
// 重构日志: eee2a0ef
// 同步 ID: 78030d02 @ Mon Jul 20 05:57:45 UTC 2026
// 重构日志: 8f099781
// 同步 ID: 79651e4f @ Mon Jul 20 14:14:10 UTC 2026
// 重构日志: 227f5d00
// 重构日志: a0836aa3
// 重构日志: 5aac7c3d
// 重构日志: 46cab6f8
// 重构日志: 168f73b3
// 重构日志: c7ed3516
// 同步 ID: 7a80c2cb @ Fri Jul 24 08:08:47 UTC 2026
